<?xml version="1.0" encoding="UTF-8"?>
<!-- Generated by org.testng.reporters.JUnitXMLReporter -->
<testsuite ignored="0" hostname="HIBAML55118" failures="0" tests="6" name="Free CRM App Test Cases" time="113.162" errors="0" timestamp="11 Dec 2019 12:53:58 GMT">
  <testcase classname="com.haltrip.qa.testcases.ContactsPageTest" name="ValidateCreateNewContact" time="4.251"/>
  <testcase classname="com.haltrip.qa.testcases.ContactsPageTest" name="ValidateCreateNewContact" time="4.36"/>
  <testcase classname="com.haltrip.qa.testcases.ContactsPageTest" name="ValidateCreateNewContact" time="4.899"/>
  <testcase classname="com.haltrip.qa.testcases.LoginPageTest" name="loginTest" time="0.573"/>
  <testcase classname="com.haltrip.qa.testcases.HomePageTest" name="verifyHomePageTitle" time="0.041"/>
  <testcase classname="com.haltrip.qa.testcases.HomePageTest" name="clickonContactsPage" time="3.379"/>
</testsuite> <!-- Free CRM App Test Cases -->
