<?xml version="1.0" encoding="UTF-8"?>
<!-- Generated by org.testng.reporters.JUnitXMLReporter -->
<testsuite ignored="0" hostname="HIBAML55118" failures="0" tests="3" name="Default test" time="58.973" errors="0" timestamp="09 Dec 2019 06:35:52 GMT">
  <testcase classname="com.haltrip.qa.testcases.ContactsPageTest" name="ValidateCreateNewContact" time="3.183"/>
  <testcase classname="com.haltrip.qa.testcases.ContactsPageTest" name="ValidateCreateNewContact" time="3.867"/>
  <testcase classname="com.haltrip.qa.testcases.ContactsPageTest" name="ValidateCreateNewContact" time="3.783"/>
</testsuite> <!-- Default test -->
