<?xml version="1.0" encoding="UTF-8"?>
<!-- Generated by org.testng.reporters.JUnitXMLReporter -->
<testsuite ignored="0" hostname="HIBAML55118" failures="0" tests="6" name="App TEst Cases" time="93.593" errors="0" timestamp="09 Dec 2019 06:42:56 GMT">
  <testcase classname="com.haltrip.qa.testcases.ContactsPageTest" name="ValidateCreateNewContact" time="3.005"/>
  <testcase classname="com.haltrip.qa.testcases.ContactsPageTest" name="ValidateCreateNewContact" time="3.996"/>
  <testcase classname="com.haltrip.qa.testcases.ContactsPageTest" name="ValidateCreateNewContact" time="4.351"/>
  <testcase classname="com.haltrip.qa.testcases.LoginPageTest" name="loginTest" time="0.661"/>
  <testcase classname="com.haltrip.qa.testcases.HomePageTest" name="verifyHomePageTitle" time="0.027"/>
  <testcase classname="com.haltrip.qa.testcases.HomePageTest" name="clickonContactsPage" time="1.919"/>
</testsuite> <!-- App TEst Cases -->
