<?xml version="1.0" encoding="UTF-8"?>
<testng-results ignored="0" total="6" passed="6" failed="0" skipped="0">
  <reporter-output>
  </reporter-output>
  <suite started-at="2019-12-11T12:52:05Z" name="FREE CRM Application Test Automation Test Suite" finished-at="2019-12-11T12:53:58Z" duration-ms="113162">
    <groups>
    </groups>
    <test started-at="2019-12-11T12:52:05Z" name="Free CRM App Test Cases" finished-at="2019-12-11T12:53:58Z" duration-ms="113162">
      <class name="com.haltrip.qa.testcases.LoginPageTest">
        <test-method is-config="true" signature="setup()[pri:0, instance:com.haltrip.qa.testcases.LoginPageTest@5c1a8622]" started-at="2019-12-11T18:23:22Z" name="setup" finished-at="2019-12-11T18:23:31Z" duration-ms="8717" status="PASS">
          <reporter-output>
          </reporter-output>
        </test-method> <!-- setup -->
        <test-method signature="loginTest()[pri:0, instance:com.haltrip.qa.testcases.LoginPageTest@5c1a8622]" started-at="2019-12-11T18:23:31Z" name="loginTest" finished-at="2019-12-11T18:23:32Z" duration-ms="573" status="PASS">
          <reporter-output>
          </reporter-output>
        </test-method> <!-- loginTest -->
        <test-method is-config="true" signature="teardown()[pri:0, instance:com.haltrip.qa.testcases.LoginPageTest@5c1a8622]" started-at="2019-12-11T18:23:32Z" name="teardown" finished-at="2019-12-11T18:23:32Z" duration-ms="928" status="PASS">
          <reporter-output>
          </reporter-output>
        </test-method> <!-- teardown -->
      </class> <!-- com.haltrip.qa.testcases.LoginPageTest -->
      <class name="com.haltrip.qa.testcases.ContactsPageTest">
        <test-method is-config="true" signature="setup()[pri:0, instance:com.haltrip.qa.testcases.ContactsPageTest@3b2cf7ab]" started-at="2019-12-11T18:22:06Z" name="setup" finished-at="2019-12-11T18:22:27Z" duration-ms="20709" status="PASS">
          <reporter-output>
          </reporter-output>
        </test-method> <!-- setup -->
        <test-method signature="ValidateCreateNewContact(java.lang.String, java.lang.String, java.lang.String)[pri:0, instance:com.haltrip.qa.testcases.ContactsPageTest@3b2cf7ab]" started-at="2019-12-11T18:22:27Z" name="ValidateCreateNewContact" data-provider="getCRMTestData" finished-at="2019-12-11T18:22:31Z" duration-ms="4251" status="PASS">
          <params>
            <param index="0">
              <value>
                <![CDATA[hi]]>
              </value>
            </param>
            <param index="1">
              <value>
                <![CDATA[hello]]>
              </value>
            </param>
            <param index="2">
              <value>
                <![CDATA[hihello@gmail.com]]>
              </value>
            </param>
          </params>
          <reporter-output>
          </reporter-output>
        </test-method> <!-- ValidateCreateNewContact -->
        <test-method is-config="true" signature="teardown()[pri:0, instance:com.haltrip.qa.testcases.ContactsPageTest@3b2cf7ab]" started-at="2019-12-11T18:22:31Z" name="teardown" finished-at="2019-12-11T18:22:44Z" duration-ms="12456" status="PASS">
          <reporter-output>
          </reporter-output>
        </test-method> <!-- teardown -->
        <test-method is-config="true" signature="setup()[pri:0, instance:com.haltrip.qa.testcases.ContactsPageTest@3b2cf7ab]" started-at="2019-12-11T18:22:44Z" name="setup" finished-at="2019-12-11T18:22:58Z" duration-ms="14506" status="PASS">
          <reporter-output>
          </reporter-output>
        </test-method> <!-- setup -->
        <test-method signature="ValidateCreateNewContact(java.lang.String, java.lang.String, java.lang.String)[pri:0, instance:com.haltrip.qa.testcases.ContactsPageTest@3b2cf7ab]" started-at="2019-12-11T18:22:58Z" name="ValidateCreateNewContact" data-provider="getCRMTestData" finished-at="2019-12-11T18:23:02Z" duration-ms="4360" status="PASS">
          <params>
            <param index="0">
              <value>
                <![CDATA[chandu]]>
              </value>
            </param>
            <param index="1">
              <value>
                <![CDATA[chari]]>
              </value>
            </param>
            <param index="2">
              <value>
                <![CDATA[chandu@gmail.com]]>
              </value>
            </param>
          </params>
          <reporter-output>
          </reporter-output>
        </test-method> <!-- ValidateCreateNewContact -->
        <test-method is-config="true" signature="teardown()[pri:0, instance:com.haltrip.qa.testcases.ContactsPageTest@3b2cf7ab]" started-at="2019-12-11T18:23:02Z" name="teardown" finished-at="2019-12-11T18:23:04Z" duration-ms="1082" status="PASS">
          <reporter-output>
          </reporter-output>
        </test-method> <!-- teardown -->
        <test-method is-config="true" signature="setup()[pri:0, instance:com.haltrip.qa.testcases.ContactsPageTest@3b2cf7ab]" started-at="2019-12-11T18:23:04Z" name="setup" finished-at="2019-12-11T18:23:16Z" duration-ms="12457" status="PASS">
          <reporter-output>
          </reporter-output>
        </test-method> <!-- setup -->
        <test-method signature="ValidateCreateNewContact(java.lang.String, java.lang.String, java.lang.String)[pri:0, instance:com.haltrip.qa.testcases.ContactsPageTest@3b2cf7ab]" started-at="2019-12-11T18:23:16Z" name="ValidateCreateNewContact" data-provider="getCRMTestData" finished-at="2019-12-11T18:23:21Z" duration-ms="4899" status="PASS">
          <params>
            <param index="0">
              <value>
                <![CDATA[keerthi]]>
              </value>
            </param>
            <param index="1">
              <value>
                <![CDATA[sai]]>
              </value>
            </param>
            <param index="2">
              <value>
                <![CDATA[saikeerthi@gmail.com]]>
              </value>
            </param>
          </params>
          <reporter-output>
          </reporter-output>
        </test-method> <!-- ValidateCreateNewContact -->
        <test-method is-config="true" signature="teardown()[pri:0, instance:com.haltrip.qa.testcases.ContactsPageTest@3b2cf7ab]" started-at="2019-12-11T18:23:21Z" name="teardown" finished-at="2019-12-11T18:23:22Z" duration-ms="1291" status="PASS">
          <reporter-output>
          </reporter-output>
        </test-method> <!-- teardown -->
      </class> <!-- com.haltrip.qa.testcases.ContactsPageTest -->
      <class name="com.haltrip.qa.testcases.HomePageTest">
        <test-method is-config="true" signature="setup()[pri:0, instance:com.haltrip.qa.testcases.HomePageTest@2aa5fe93]" started-at="2019-12-11T18:23:32Z" name="setup" finished-at="2019-12-11T18:23:44Z" duration-ms="11176" status="PASS">
          <reporter-output>
          </reporter-output>
        </test-method> <!-- setup -->
        <test-method signature="verifyHomePageTitle()[pri:1, instance:com.haltrip.qa.testcases.HomePageTest@2aa5fe93]" started-at="2019-12-11T18:23:44Z" name="verifyHomePageTitle" finished-at="2019-12-11T18:23:44Z" duration-ms="41" status="PASS">
          <reporter-output>
          </reporter-output>
        </test-method> <!-- verifyHomePageTitle -->
        <test-method is-config="true" signature="teardown()[pri:0, instance:com.haltrip.qa.testcases.HomePageTest@2aa5fe93]" started-at="2019-12-11T18:23:44Z" name="teardown" finished-at="2019-12-11T18:23:45Z" duration-ms="1015" status="PASS">
          <reporter-output>
          </reporter-output>
        </test-method> <!-- teardown -->
        <test-method is-config="true" signature="setup()[pri:0, instance:com.haltrip.qa.testcases.HomePageTest@2aa5fe93]" started-at="2019-12-11T18:23:45Z" name="setup" finished-at="2019-12-11T18:23:53Z" duration-ms="8564" status="PASS">
          <reporter-output>
          </reporter-output>
        </test-method> <!-- setup -->
        <test-method signature="clickonContactsPage()[pri:2, instance:com.haltrip.qa.testcases.HomePageTest@2aa5fe93]" started-at="2019-12-11T18:23:53Z" name="clickonContactsPage" finished-at="2019-12-11T18:23:57Z" duration-ms="3379" status="PASS">
          <reporter-output>
          </reporter-output>
        </test-method> <!-- clickonContactsPage -->
        <test-method is-config="true" signature="teardown()[pri:0, instance:com.haltrip.qa.testcases.HomePageTest@2aa5fe93]" started-at="2019-12-11T18:23:57Z" name="teardown" finished-at="2019-12-11T18:23:58Z" duration-ms="1121" status="PASS">
          <reporter-output>
          </reporter-output>
        </test-method> <!-- teardown -->
      </class> <!-- com.haltrip.qa.testcases.HomePageTest -->
    </test> <!-- Free CRM App Test Cases -->
  </suite> <!-- FREE CRM Application Test Automation Test Suite -->
</testng-results>
